<?xml version="1.0" encoding="UTF-8"?>
<testExecutions version="1">
  <file path="/Users/mayank.chaudhary/Desktop/GoDaddyRepositories/src/components/repoList/__tests__/useRepoList.test.ts">
    <testCase name="useRepoList Hook should fetch and set repoList when no cached data is available" duration="12"/>
    <testCase name="useRepoList Hook should load data from cache if valid and skip fetch" duration="3"/>
    <testCase name="useRepoList Hook should fetch data if cache is expired" duration="3"/>
    <testCase name="useRepoList Hook should handle fetch errors gracefully" duration="43"/>
  </file>
  <file path="/Users/mayank.chaudhary/Desktop/GoDaddyRepositories/src/components/loader/__tests__/Loader.view.test.tsx">
    <testCase name="Loader Component should render loader container with appropriate styles" duration="20"/>
  </file>
  <file path="/Users/mayank.chaudhary/Desktop/GoDaddyRepositories/src/components/repoDetails/__tests__/RepoDetails.view.test.tsx">
    <testCase name="RepoDetails Component should display repo details correctly when data is available" duration="66">
      <failure message="TypeError: expect(...).toBeInTheDocument is not a function"><![CDATA[TypeError: expect(...).toBeInTheDocument is not a function
    at Object.toBeInTheDocument (/Users/mayank.chaudhary/Desktop/GoDaddyRepositories/src/components/repoDetails/__tests__/RepoDetails.view.test.tsx:37:47)
    at Promise.then.completed (/Users/mayank.chaudhary/Desktop/GoDaddyRepositories/node_modules/jest-circus/build/utils.js:298:28)
    at new Promise (<anonymous>)
    at callAsyncCircusFn (/Users/mayank.chaudhary/Desktop/GoDaddyRepositories/node_modules/jest-circus/build/utils.js:231:10)
    at _callCircusTest (/Users/mayank.chaudhary/Desktop/GoDaddyRepositories/node_modules/jest-circus/build/run.js:316:40)
    at processTicksAndRejections (node:internal/process/task_queues:95:5)
    at _runTest (/Users/mayank.chaudhary/Desktop/GoDaddyRepositories/node_modules/jest-circus/build/run.js:252:3)
    at _runTestsForDescribeBlock (/Users/mayank.chaudhary/Desktop/GoDaddyRepositories/node_modules/jest-circus/build/run.js:126:9)
    at _runTestsForDescribeBlock (/Users/mayank.chaudhary/Desktop/GoDaddyRepositories/node_modules/jest-circus/build/run.js:121:9)
    at run (/Users/mayank.chaudhary/Desktop/GoDaddyRepositories/node_modules/jest-circus/build/run.js:71:3)
    at runAndTransformResultsToJestFormat (/Users/mayank.chaudhary/Desktop/GoDaddyRepositories/node_modules/jest-circus/build/legacy-code-todo-rewrite/jestAdapterInit.js:122:21)
    at jestAdapter (/Users/mayank.chaudhary/Desktop/GoDaddyRepositories/node_modules/jest-circus/build/legacy-code-todo-rewrite/jestAdapter.js:79:19)
    at runTestInternal (/Users/mayank.chaudhary/Desktop/GoDaddyRepositories/node_modules/jest-runner/build/runTest.js:367:16)
    at runTest (/Users/mayank.chaudhary/Desktop/GoDaddyRepositories/node_modules/jest-runner/build/runTest.js:444:34)
    at Object.worker (/Users/mayank.chaudhary/Desktop/GoDaddyRepositories/node_modules/jest-runner/build/testWorker.js:106:12)]]></failure>
    </testCase>
    <testCase name="RepoDetails Component should display placeholder text when data is not available" duration="6"/>
    <testCase name="RepoDetails Component should navigate back when the Go Back button is clicked" duration="5"/>
  </file>
  <file path="/Users/mayank.chaudhary/Desktop/GoDaddyRepositories/src/components/repoList/__tests__/RepoList.view.test.tsx">
    <testCase name="RepoList Component should display loader when loading is true" duration="52"/>
    <testCase name="RepoList Component should display the list of repositories when loading is false" duration="13"/>
    <testCase name="RepoList Component should show no repositories message when repoList is empty" duration="7"/>
  </file>
</testExecutions>